<?xml version="1.0" encoding="UTF-8"?>
<testng-results skipped="0" failed="0" total="1" passed="1">
  <reporter-output>
  </reporter-output>
  <suite name="Default suite" duration-ms="12623" started-at="2017-01-30T09:37:52Z" finished-at="2017-01-30T09:38:05Z">
    <groups>
    </groups>
    <test name="Default test" duration-ms="12623" started-at="2017-01-30T09:37:52Z" finished-at="2017-01-30T09:38:05Z">
      <class name="com.ibm.tealeaf.Testcases.VerifyValidLogin">
        <test-method status="PASS" signature="checkValidUser()[pri:0, instance:com.ibm.tealeaf.Testcases.VerifyValidLogin@39fb3ab6]" name="checkValidUser" duration-ms="12591" started-at="2017-01-30T04:37:52Z" finished-at="2017-01-30T04:38:05Z">
          <reporter-output>
          </reporter-output>
        </test-method> <!-- checkValidUser -->
      </class> <!-- com.ibm.tealeaf.Testcases.VerifyValidLogin -->
    </test> <!-- Default test -->
  </suite> <!-- Default suite -->
</testng-results>
